2022-09-03 17:18:43.529  INFO 20828 --- [main] com.yansen.ImportXlsApplication          : Starting ImportXlsApplication using Java 17.0.3.1 on Yansen with PID 20828 (D:\bootcampAlterra\import-xls\target\classes started by Yansen in D:\bootcampAlterra\import-xls)
2022-09-03 17:18:43.531  INFO 20828 --- [main] com.yansen.ImportXlsApplication          : No active profile set, falling back to 1 default profile: "default"
2022-09-03 17:18:44.459  INFO 20828 --- [main] .s.d.r.c.RepositoryConfigurationDelegate : Bootstrapping Spring Data JPA repositories in DEFAULT mode.
2022-09-03 17:18:44.525  INFO 20828 --- [main] .s.d.r.c.RepositoryConfigurationDelegate : Finished Spring Data repository scanning in 51 ms. Found 2 JPA repository interfaces.
2022-09-03 17:18:45.290  INFO 20828 --- [main] o.s.b.w.embedded.tomcat.TomcatWebServer  : Tomcat initialized with port(s): 80 (http)
2022-09-03 17:18:45.300  INFO 20828 --- [main] o.apache.catalina.core.StandardService   : Starting service [Tomcat]
2022-09-03 17:18:45.300  INFO 20828 --- [main] org.apache.catalina.core.StandardEngine  : Starting Servlet engine: [Apache Tomcat/9.0.65]
2022-09-03 17:18:45.427  INFO 20828 --- [main] o.a.c.c.C.[.[localhost].[/import-xls]    : Initializing Spring embedded WebApplicationContext
2022-09-03 17:18:45.427  INFO 20828 --- [main] w.s.c.ServletWebServerApplicationContext : Root WebApplicationContext: initialization completed in 1841 ms
2022-09-03 17:18:45.643  INFO 20828 --- [main] o.hibernate.jpa.internal.util.LogHelper  : HHH000204: Processing PersistenceUnitInfo [name: default]
2022-09-03 17:18:45.762  INFO 20828 --- [main] org.hibernate.Version                    : HHH000412: Hibernate ORM core version 5.6.10.Final
2022-09-03 17:18:45.979  INFO 20828 --- [main] o.hibernate.annotations.common.Version   : HCANN000001: Hibernate Commons Annotations {5.1.2.Final}
2022-09-03 17:18:46.094  INFO 20828 --- [main] com.zaxxer.hikari.HikariDataSource       : HikariPool-1 - Starting...
2022-09-03 17:18:46.271  INFO 20828 --- [main] com.zaxxer.hikari.HikariDataSource       : HikariPool-1 - Start completed.
2022-09-03 17:18:46.291  INFO 20828 --- [main] org.hibernate.dialect.Dialect            : HHH000400: Using dialect: org.hibernate.dialect.PostgreSQL9Dialect
2022-09-03 17:18:47.028  WARN 20828 --- [main] o.h.engine.jdbc.spi.SqlExceptionHelper   : SQL Warning Code: 0, SQLState: 00000
2022-09-03 17:18:47.029  WARN 20828 --- [main] o.h.engine.jdbc.spi.SqlExceptionHelper   : constraint "uk_d99fk9mj2c0per7gjfsjuq57l" of relation "register_member" does not exist, skipping
2022-09-03 17:18:47.034  WARN 20828 --- [main] o.h.engine.jdbc.spi.SqlExceptionHelper   : SQL Warning Code: 0, SQLState: 00000
2022-09-03 17:18:47.034  WARN 20828 --- [main] o.h.engine.jdbc.spi.SqlExceptionHelper   : constraint "uk_q2xw3adxer8qua52vm7e8f9tu" of relation "register_member" does not exist, skipping
2022-09-03 17:18:47.037  INFO 20828 --- [main] o.h.e.t.j.p.i.JtaPlatformInitiator       : HHH000490: Using JtaPlatform implementation: [org.hibernate.engine.transaction.jta.platform.internal.NoJtaPlatform]
2022-09-03 17:18:47.047  INFO 20828 --- [main] j.LocalContainerEntityManagerFactoryBean : Initialized JPA EntityManagerFactory for persistence unit 'default'
2022-09-03 17:18:47.810  WARN 20828 --- [main] JpaBaseConfiguration$JpaWebConfiguration : spring.jpa.open-in-view is enabled by default. Therefore, database queries may be performed during view rendering. Explicitly configure spring.jpa.open-in-view to disable this warning
2022-09-03 17:18:48.345  INFO 20828 --- [main] o.s.b.w.embedded.tomcat.TomcatWebServer  : Tomcat started on port(s): 80 (http) with context path '/import-xls'
2022-09-03 17:18:48.367  INFO 20828 --- [main] com.yansen.ImportXlsApplication          : Started ImportXlsApplication in 5.329 seconds (JVM running for 5.828)
2022-09-03 17:18:58.777  INFO 20828 --- [http-nio-80-exec-2] o.a.c.c.C.[.[localhost].[/import-xls]    : Initializing Spring DispatcherServlet 'dispatcherServlet'
2022-09-03 17:18:58.777  INFO 20828 --- [http-nio-80-exec-2] o.s.web.servlet.DispatcherServlet        : Initializing Servlet 'dispatcherServlet'
2022-09-03 17:18:58.778  INFO 20828 --- [http-nio-80-exec-2] o.s.web.servlet.DispatcherServlet        : Completed initialization in 1 ms
2022-09-03 17:18:59.087  INFO 20828 --- [http-nio-80-exec-2] c.y.controllers.ScheduleCoinController   : Email : test@mail.com, Username : test123 Success registered
2022-09-03 17:18:59.090  INFO 20828 --- [http-nio-80-exec-2] o.s.a.r.c.CachingConnectionFactory       : Attempting to connect to: [localhost:5672]
2022-09-03 17:18:59.196  INFO 20828 --- [http-nio-80-exec-2] o.s.a.r.c.CachingConnectionFactory       : Created new connection: rabbitConnectionFactory#7c048b30:0/SimpleConnection@73261387 [delegate=amqp://guest@127.0.0.1:5672/, localPort= 55213]
2022-09-03 17:21:39.907  WARN 20828 --- [http-nio-80-exec-5] c.y.exceptions.RestControllerAdvice      : test@mail.com : Email already exist
2022-09-03 17:22:44.063  WARN 20828 --- [http-nio-80-exec-6] c.y.exceptions.RestControllerAdvice      : test123 : Username already exist
2022-09-03 17:23:46.371  INFO 20828 --- [SpringApplicationShutdownHook] j.LocalContainerEntityManagerFactoryBean : Closing JPA EntityManagerFactory for persistence unit 'default'
2022-09-03 17:23:46.373  INFO 20828 --- [SpringApplicationShutdownHook] com.zaxxer.hikari.HikariDataSource       : HikariPool-1 - Shutdown initiated...
2022-09-03 17:23:46.376  INFO 20828 --- [SpringApplicationShutdownHook] com.zaxxer.hikari.HikariDataSource       : HikariPool-1 - Shutdown completed.
